$ nodes
[+] Total nodes: 3
 [1]:
 -   127.0.0.1:5002[MFYwEAYHKoZIzj0CAQYFK4EEAAoDQgAE6+9ZUuXtyypiN63IexIiGWKshDufswSOwHcjTEg93GKFQvuG5AE7RlliCyE7j3CPkGUWUXU5wgL8K5VKA4FSvQ==]
 [2]:
 -   127.0.0.1:5003[MFYwEAYHKoZIzj0CAQYFK4EEAAoDQgAEEdwl2c/5Dns27MA4TDUijl1rnZmnkKII8QRiAthGvt/3tWxMBYjqQ4yIUiPH+3eWJrk+2vUx3El7n/JLe4d9rQ==]
 [3]:
 -   127.0.0.1:5004[MFYwEAYHKoZIzj0CAQYFK4EEAAoDQgAEWWwpLHqp/60iCtrkdUtdtHd4+lQjb6vX2OTX8Xt9VyCJNH9Xtw2Uh4nKygFTzF1bvjecX67rG1VP7t+i/M77XA==]
$ accounts
[+] Total accounts: 0
$ txs
[+] Total txs: 0
$ blocks
[+] Total blocks: 0
$ new_tx -f $ -s $ -v 123123 -t MFYwEAYHKoZIzj0CAQYFK4EEAAoDQgAEhTb7qM/488O9QYb6K/WFF0f4+5fKTE+sXDN6SjTQwXj2f3APuhtms38O4pYocQLnMVqorSVueKY/cnmvX98bTQ==
$ accounts
[+] Total accounts: 0
$ txs
[+] Total txs: 1
 [1]:
 -  id   : 89789692
 -  from : $
 -  to   : MFYwEAYHKoZIzj0CAQYFK4EEAAoDQgAEhTb7qM/488O9QYb6K/WFF0f4+5fKTE+sXDN6SjTQwXj2f3APuhtms38O4pYocQLnMVqorSVueKY/cnmvX98bTQ==
 -  value: 123123
 -  sig  : $
$ blocks
[+] Total blocks: 0
$ pack
$ accounts
[+] Total accounts: 1
 [1]:
 -  [MFYwEAYHKoZIzj0CAQYFK4EEAAoDQgAEhTb7qM/488O9QYb6K/WFF0f4+5fKTE+sXDN6SjTQwXj2f3APuhtms38O4pYocQLnMVqorSVueKY/cnmvX98bTQ==]:123123
$ txs
[+] Total txs: 0
$ blocks
[+] Total blocks: 1
 [1]:
 -  version    : 
 -  prevHash   : 
 -  difficulty : 0
 -  nonce      : 0
 -  merkleRoot : Zj9m1BSVuexbIyyR5ELU6TmHl90UfNB4iLuQYhXw6tg=
 -  tx_cnt     : 1
$ quit
[*] Exiting program...
